0 info it worked if it ends with ok
1 verbose cli [ '/home/vagrant/.nvm/versions/node/v6.9.5/bin/node',
1 verbose cli   '/home/vagrant/.nvm/versions/node/v6.9.5/bin/npm',
1 verbose cli   'run',
1 verbose cli   'scss' ]
2 info using npm@3.10.10
3 info using node@v6.9.5
4 verbose run-script [ 'prescss', 'scss', 'postscss' ]
5 info lifecycle tweeter@1.0.0~prescss: tweeter@1.0.0
6 silly lifecycle tweeter@1.0.0~prescss: no script for prescss, continuing
7 info lifecycle tweeter@1.0.0~scss: tweeter@1.0.0
8 verbose lifecycle tweeter@1.0.0~scss: unsafe-perm in lifecycle true
9 verbose lifecycle tweeter@1.0.0~scss: PATH: /home/vagrant/.nvm/versions/node/v6.9.5/lib/node_modules/npm/bin/node-gyp-bin:/vagrant/week3/tweeter/node_modules/.bin:/home/vagrant/.nvm/versions/node/v6.9.5/bin:/home/vagrant/.rvm/gems/ruby-2.3.3/bin:/home/vagrant/.rvm/gems/ruby-2.3.3@global/bin:/home/vagrant/.rvm/rubies/ruby-2.3.3/bin:/usr/local/sbin:/usr/local/bin:/usr/sbin:/usr/bin:/sbin:/bin:/usr/games:/usr/local/games:/home/vagrant/.rvm/bin:/home/vagrant/.rvm/bin
10 verbose lifecycle tweeter@1.0.0~scss: CWD: /vagrant/week3/tweeter
11 silly lifecycle tweeter@1.0.0~scss: Args: [ '-c',
11 silly lifecycle   './node_modules/node-sass/bin/node-sass --ouput-style expanded -o public/styles/ public/styles/scss ' ]
12 silly lifecycle tweeter@1.0.0~scss: Returned: code: 1  signal: null
13 info lifecycle tweeter@1.0.0~scss: Failed to exec scss script
14 verbose stack Error: tweeter@1.0.0 scss: `./node_modules/node-sass/bin/node-sass --ouput-style expanded -o public/styles/ public/styles/scss `
14 verbose stack Exit status 1
14 verbose stack     at EventEmitter.<anonymous> (/home/vagrant/.nvm/versions/node/v6.9.5/lib/node_modules/npm/lib/utils/lifecycle.js:255:16)
14 verbose stack     at emitTwo (events.js:106:13)
14 verbose stack     at EventEmitter.emit (events.js:191:7)
14 verbose stack     at ChildProcess.<anonymous> (/home/vagrant/.nvm/versions/node/v6.9.5/lib/node_modules/npm/lib/utils/spawn.js:40:14)
14 verbose stack     at emitTwo (events.js:106:13)
14 verbose stack     at ChildProcess.emit (events.js:191:7)
14 verbose stack     at maybeClose (internal/child_process.js:877:16)
14 verbose stack     at Process.ChildProcess._handle.onexit (internal/child_process.js:226:5)
15 verbose pkgid tweeter@1.0.0
16 verbose cwd /vagrant/week3/tweeter
17 error Linux 4.4.0-21-generic
18 error argv "/home/vagrant/.nvm/versions/node/v6.9.5/bin/node" "/home/vagrant/.nvm/versions/node/v6.9.5/bin/npm" "run" "scss"
19 error node v6.9.5
20 error npm  v3.10.10
21 error code ELIFECYCLE
22 error tweeter@1.0.0 scss: `./node_modules/node-sass/bin/node-sass --ouput-style expanded -o public/styles/ public/styles/scss `
22 error Exit status 1
23 error Failed at the tweeter@1.0.0 scss script './node_modules/node-sass/bin/node-sass --ouput-style expanded -o public/styles/ public/styles/scss '.
23 error Make sure you have the latest version of node.js and npm installed.
23 error If you do, this is most likely a problem with the tweeter package,
23 error not with npm itself.
23 error Tell the author that this fails on your system:
23 error     ./node_modules/node-sass/bin/node-sass --ouput-style expanded -o public/styles/ public/styles/scss
23 error You can get information on how to open an issue for this project with:
23 error     npm bugs tweeter
23 error Or if that isn't available, you can get their info via:
23 error     npm owner ls tweeter
23 error There is likely additional logging output above.
24 verbose exit [ 1, true ]
